Arguments: 
  /usr/local/bin/node /usr/local/Cellar/yarn/1.5.1_1/libexec/bin/yarn.js webpack --dev

PATH: 
  /Users/mbouzi/.rvm/gems/ruby-2.2.4/bin:/Users/mbouzi/.rvm/gems/ruby-2.2.4@global/bin:/Users/mbouzi/.rvm/rubies/ruby-2.2.4/bin:/usr/local/php5/bin:/usr/local/heroku/bin:/Applications/MAMP/bin/php/php5.6.7export/bin:/usr/local/Cellar/ruby193/1.9.3-p448/bin:/usr/local/bin:/usr/local/sbin:/Users/mbouzi/bin:/Users/mbouzi/.rbenv/bin:/Users/mbouzi/.rbenv/shims:/usr/local/bin:/usr/bin:/bin:/usr/sbin:/sbin:/usr/local/mysql/bin:/usr/local/mysql/bin:/usr/local/mysql/bin:/Users/mbouzi/.rvm/bin

Yarn version: 
  1.5.1

Node version: 
  9.7.1

Platform: 
  darwin x64

npm manifest: 
  {
    "name": "gif-searcher",
    "version": "1.0.0",
    "main": "index.js",
    "repository": "https://github.com/mbouzi/Gif-Searcher.git",
    "license": "MIT"
  }

yarn manifest: 
  No manifest

Lockfile: 
  No lockfile

Trace: 
  Error: Command "webpack" not found.
      at new MessageError (/usr/local/Cellar/yarn/1.5.1_1/libexec/lib/cli.js:186:110)
      at /usr/local/Cellar/yarn/1.5.1_1/libexec/lib/cli.js:87307:17
      at Generator.next (<anonymous>)
      at step (/usr/local/Cellar/yarn/1.5.1_1/libexec/lib/cli.js:98:30)
      at /usr/local/Cellar/yarn/1.5.1_1/libexec/lib/cli.js:116:14
      at new Promise (<anonymous>)
      at new F (/usr/local/Cellar/yarn/1.5.1_1/libexec/lib/cli.js:23451:28)
      at /usr/local/Cellar/yarn/1.5.1_1/libexec/lib/cli.js:95:12
      at runCommand (/usr/local/Cellar/yarn/1.5.1_1/libexec/lib/cli.js:87312:22)
      at Object.<anonymous> (/usr/local/Cellar/yarn/1.5.1_1/libexec/lib/cli.js:87412:14)
